<?xml version="1.0" encoding="UTF-8" standalone="yes"?><!DOCTYPE report PUBLIC "-//JACOCO//DTD Report 1.1//EN" "report.dtd"><report name="ejbca-test-aggregator"><sessioninfo id="Antares.local-c7fcb90e" start="1601059840990" dump="1601059842989"/><sessioninfo id="Antares.local-e1a2d323" start="1601059840925" dump="1601059843127"/><sessioninfo id="Antares.local-24669511" start="1601059841031" dump="1601059843911"/><sessioninfo id="Antares.local-886650a7" start="1601059843583" dump="1601059848260"/><sessioninfo id="Antares.local-e48439fe" start="1601059841019" dump="1601059883379"/><sessioninfo id="Antares.local-b0f3338b" start="1601060301381" dump="1601060303615"/><sessioninfo id="Antares.local-d6b0f43e" start="1601060301444" dump="1601060303865"/><sessioninfo id="Antares.local-ef623866" start="1601060301426" dump="1601060304724"/><sessioninfo id="Antares.local-7cc03413" start="1601060304318" dump="1601060308112"/><sessioninfo id="Antares.local-b2a49911" start="1601060301494" dump="1601060334471"/><sessioninfo id="Antares.local-dd40a5ed" start="1601060889138" dump="1601060891488"/><sessioninfo id="Antares.local-c3e63403" start="1601060889070" dump="1601060891629"/><sessioninfo id="Antares.local-1aa64854" start="1601060889120" dump="1601060892558"/><sessioninfo id="Antares.local-e509a841" start="1601060892046" dump="1601060896565"/><sessioninfo id="Antares.local-f0ab3120" start="1601060889198" dump="1601060930604"/><sessioninfo id="Antares.local-ddbe239f" start="1601062465242" dump="1601062467407"/><sessioninfo id="Antares.local-4d09831e" start="1601062465223" dump="1601062467488"/><sessioninfo id="Antares.local-933735bc" start="1601062465217" dump="1601062468455"/><sessioninfo id="Antares.local-a7ab6877" start="1601062467973" dump="1601062472104"/><sessioninfo id="Antares.local-e138f5ce" start="1601062465146" dump="1601062503795"/><sessioninfo id="Antares.local-c18ddd7a" start="1601063403923" dump="1601063405828"/><sessioninfo id="Antares.local-7893778b" start="1601063403969" dump="1601063406048"/><sessioninfo id="Antares.local-e29a935c" start="1601063403972" dump="1601063406806"/><sessioninfo id="Antares.local-747e822f" start="1601063406543" dump="1601063410559"/><sessioninfo id="Antares.local-893bc7e0" start="1601063403977" dump="1601063442250"/><sessioninfo id="Antares.local-117b393a" start="1601064267252" dump="1601064269838"/><sessioninfo id="Antares.local-b5bdcd16" start="1601064267370" dump="1601064270110"/><sessioninfo id="Antares.local-b164ed4a" start="1601064267234" dump="1601064270895"/><sessioninfo id="Antares.local-a71166fa" start="1601064270624" dump="1601064275144"/><sessioninfo id="Antares.local-77b92bf4" start="1601064267286" dump="1601064306202"/><sessioninfo id="Antares.local-6719291" start="1601064735207" dump="1601064737241"/><sessioninfo id="Antares.local-864cd86" start="1601064735201" dump="1601064737348"/><sessioninfo id="Antares.local-4bf2fe5b" start="1601064735148" dump="1601064738116"/><sessioninfo id="Antares.local-7464f694" start="1601064737787" dump="1601064742986"/><sessioninfo id="Antares.local-9f146937" start="1601064735167" dump="1601064770482"/><sessioninfo id="Antares.local-485bbcc3" start="1601065565465" dump="1601065567467"/><sessioninfo id="Antares.local-2822b4b8" start="1601065565438" dump="1601065567501"/><sessioninfo id="Antares.local-2a209e93" start="1601065565364" dump="1601065568253"/><sessioninfo id="Antares.local-8c8c79a7" start="1601065568046" dump="1601065571842"/><sessioninfo id="Antares.local-d98cb80" start="1601065565426" dump="1601065604300"/><sessioninfo id="Antares.local-240a7e29" start="1601066354322" dump="1601066356265"/><sessioninfo id="Antares.local-c973b997" start="1601066354373" dump="1601066356452"/><sessioninfo id="Antares.local-decdc4ed" start="1601066354347" dump="1601066357199"/><sessioninfo id="Antares.local-8907a23b" start="1601066356875" dump="1601066360423"/><sessioninfo id="Antares.local-175205b0" start="1601066354398" dump="1601066391205"/><sessioninfo id="Antares.local-27a5186f" start="1601070259451" dump="1601070261459"/><sessioninfo id="Antares.local-54fd193b" start="1601070259399" dump="1601070261573"/><sessioninfo id="Antares.local-534bb22d" start="1601070259438" dump="1601070262744"/><sessioninfo id="Antares.local-4b3373b5" start="1601070262688" dump="1601070266159"/><sessioninfo id="Antares.local-f2f560fc" start="1601070262252" dump="1601070266885"/><sessioninfo id="Antares.local-b479c310" start="1601070259389" dump="1601070292472"/><sessioninfo id="Antares.local-737c1e6e" start="1601070795395" dump="1601070797630"/><sessioninfo id="Antares.local-d773e9d5" start="1601070795470" dump="1601070797881"/><sessioninfo id="Antares.local-1d9c4adb" start="1601070795445" dump="1601070798594"/><sessioninfo id="Antares.local-101a5358" start="1601070798743" dump="1601070802356"/><sessioninfo id="Antares.local-85ba4606" start="1601070798360" dump="1601070802920"/><sessioninfo id="Antares.local-2bcf62ab" start="1601070795499" dump="1601070834972"/><sessioninfo id="Antares.local-bd938a73" start="1601071683879" dump="1601071686182"/><sessioninfo id="Antares.local-ec4422d4" start="1601071683966" dump="1601071686255"/><sessioninfo id="Antares.local-aa620168" start="1601071684015" dump="1601071687113"/><sessioninfo id="Antares.local-c95dd753" start="1601071687095" dump="1601071690570"/><sessioninfo id="Antares.local-d1cbf55d" start="1601071686878" dump="1601071691239"/><sessioninfo id="Antares.local-da3c6662" start="1601071684059" dump="1601071717534"/><sessioninfo id="Antares.local-ead6d67b" start="1601072262407" dump="1601072265078"/><sessioninfo id="Antares.local-7b0f819d" start="1601072262327" dump="1601072265123"/><sessioninfo id="Antares.local-5f4c1bd6" start="1601072262401" dump="1601072265834"/><sessioninfo id="Antares.local-ef01e1" start="1601072265936" dump="1601072269324"/><sessioninfo id="Antares.local-ef4cc56f" start="1601072265767" dump="1601072270295"/><sessioninfo id="Antares.local-53f60a5" start="1601072262436" dump="1601072296066"/></report>